{"name":"hexo","hostname":"P440","pid":5404,"level":20,"msg":"Hexo version: \u001b[35m3.4.3\u001b[39m","time":"2017-12-21T16:57:38.651Z","v":0}
{"name":"hexo","hostname":"P440","pid":5404,"level":20,"msg":"Working directory: \u001b[35m~\\Desktop\\hexo\\test\\\u001b[39m","time":"2017-12-21T16:57:38.655Z","v":0}
{"name":"hexo","hostname":"P440","pid":5404,"level":20,"msg":"Config loaded: \u001b[35m~\\Desktop\\hexo\\test\\_config.yml\u001b[39m","time":"2017-12-21T16:57:38.769Z","v":0}
{"name":"hexo","hostname":"P440","pid":5404,"level":20,"msg":"Plugin loaded: \u001b[35mhexo-generator-archive\u001b[39m","time":"2017-12-21T16:57:38.781Z","v":0}
{"name":"hexo","hostname":"P440","pid":5404,"level":20,"msg":"Plugin loaded: \u001b[35mhexo-renderer-ejs\u001b[39m","time":"2017-12-21T16:57:38.785Z","v":0}
{"name":"hexo","hostname":"P440","pid":5404,"level":20,"msg":"Plugin loaded: \u001b[35mhexo-generator-category\u001b[39m","time":"2017-12-21T16:57:38.787Z","v":0}
{"name":"hexo","hostname":"P440","pid":5404,"level":20,"msg":"Plugin loaded: \u001b[35mhexo-server\u001b[39m","time":"2017-12-21T16:57:38.860Z","v":0}
{"name":"hexo","hostname":"P440","pid":5404,"level":20,"msg":"Plugin loaded: \u001b[35mhexo-renderer-stylus\u001b[39m","time":"2017-12-21T16:57:38.862Z","v":0}
{"name":"hexo","hostname":"P440","pid":5404,"level":20,"msg":"Plugin loaded: \u001b[35mhexo-generator-tag\u001b[39m","time":"2017-12-21T16:57:38.864Z","v":0}
{"name":"hexo","hostname":"P440","pid":5404,"level":20,"msg":"Plugin loaded: \u001b[35mhexo-renderer-marked\u001b[39m","time":"2017-12-21T16:57:38.870Z","v":0}
{"name":"hexo","hostname":"P440","pid":5404,"level":20,"msg":"Plugin loaded: \u001b[35mhexo-tag-bootstrap\u001b[39m","time":"2017-12-21T16:57:38.877Z","v":0}
{"name":"hexo","hostname":"P440","pid":5404,"level":20,"msg":"Plugin loaded: \u001b[35mhexo-tag-fontawesome\u001b[39m","time":"2017-12-21T16:57:38.878Z","v":0}
{"name":"hexo","hostname":"P440","pid":5404,"level":20,"msg":"Loading database.","time":"2017-12-21T16:57:38.881Z","v":0}
{"name":"hexo","hostname":"P440","pid":5404,"level":30,"msg":"Start processing","time":"2017-12-21T16:57:38.888Z","v":0}
{"name":"hexo","hostname":"P440","pid":5404,"level":20,"msg":"Theme config loaded.","time":"2017-12-21T16:57:38.913Z","v":0}
{"name":"hexo","hostname":"P440","pid":5404,"level":20,"msg":"Processed: \u001b[35mindex.md\u001b[39m","time":"2017-12-21T16:57:38.914Z","v":0}
{"name":"hexo","hostname":"P440","pid":5404,"level":20,"msg":"Processed: \u001b[35m_config.yml\u001b[39m","time":"2017-12-21T16:57:38.915Z","v":0}
{"name":"hexo","hostname":"P440","pid":5404,"level":20,"msg":"Processed: \u001b[35mlide/obrazky/trener.jpg\u001b[39m","time":"2017-12-21T16:57:38.916Z","v":0}
{"name":"hexo","hostname":"P440","pid":5404,"level":20,"msg":"Processed: \u001b[35mlide/obrazky/trener2.jpg\u001b[39m","time":"2017-12-21T16:57:38.917Z","v":0}
{"name":"hexo","hostname":"P440","pid":5404,"level":20,"msg":"Processed: \u001b[35mlide/obrazky/trener3.jpg\u001b[39m","time":"2017-12-21T16:57:38.918Z","v":0}
{"name":"hexo","hostname":"P440","pid":5404,"level":20,"msg":"Processed: \u001b[35mlide/obrazky/trener4.jpg\u001b[39m","time":"2017-12-21T16:57:38.918Z","v":0}
{"name":"hexo","hostname":"P440","pid":5404,"level":20,"msg":"Processed: \u001b[35msluzby/obrazky/venceni.jpg\u001b[39m","time":"2017-12-21T16:57:38.920Z","v":0}
{"name":"hexo","hostname":"P440","pid":5404,"level":20,"msg":"Processed: \u001b[35msluzby/obrazky/vicvik.jpg\u001b[39m","time":"2017-12-21T16:57:38.920Z","v":0}
{"name":"hexo","hostname":"P440","pid":5404,"level":20,"msg":"Processed: \u001b[35mcenik/index.md\u001b[39m","time":"2017-12-21T16:57:38.930Z","v":0}
{"name":"hexo","hostname":"P440","pid":5404,"level":20,"msg":"Processed: \u001b[35m_posts/hello-world.md\u001b[39m","time":"2017-12-21T16:57:38.931Z","v":0}
{"name":"hexo","hostname":"P440","pid":5404,"level":20,"msg":"Processed: \u001b[35mkontakt/index.md\u001b[39m","time":"2017-12-21T16:57:38.931Z","v":0}
{"name":"hexo","hostname":"P440","pid":5404,"level":20,"msg":"Processed: \u001b[35mo-nas/index.md\u001b[39m","time":"2017-12-21T16:57:38.932Z","v":0}
{"name":"hexo","hostname":"P440","pid":5404,"level":20,"msg":"Processed: \u001b[35mlide/index.md\u001b[39m","time":"2017-12-21T16:57:38.936Z","v":0}
{"name":"hexo","hostname":"P440","pid":5404,"level":20,"msg":"Processed: \u001b[35mlayout/index.ejs\u001b[39m","time":"2017-12-21T16:57:38.939Z","v":0}
{"name":"hexo","hostname":"P440","pid":5404,"level":20,"msg":"Processed: \u001b[35mlayout/layout.ejs\u001b[39m","time":"2017-12-21T16:57:38.939Z","v":0}
{"name":"hexo","hostname":"P440","pid":5404,"level":20,"msg":"Processed: \u001b[35msluzby/index.md\u001b[39m","time":"2017-12-21T16:57:38.940Z","v":0}
{"name":"hexo","hostname":"P440","pid":5404,"level":20,"msg":"Processed: \u001b[35mlayout/_partial/head.ejs\u001b[39m","time":"2017-12-21T16:57:38.943Z","v":0}
{"name":"hexo","hostname":"P440","pid":5404,"level":20,"msg":"Processed: \u001b[35mlayout/_partial/header.ejs\u001b[39m","time":"2017-12-21T16:57:38.944Z","v":0}
{"name":"hexo","hostname":"P440","pid":5404,"level":20,"msg":"Processed: \u001b[35mlide/alzbeta/index.md\u001b[39m","time":"2017-12-21T16:57:38.947Z","v":0}
{"name":"hexo","hostname":"P440","pid":5404,"level":20,"msg":"Processed: \u001b[35mlide/ondrej/index.md\u001b[39m","time":"2017-12-21T16:57:38.948Z","v":0}
{"name":"hexo","hostname":"P440","pid":5404,"level":20,"msg":"Processed: \u001b[35mlide/rudolf/index.md\u001b[39m","time":"2017-12-21T16:57:38.951Z","v":0}
{"name":"hexo","hostname":"P440","pid":5404,"level":20,"msg":"Processed: \u001b[35mlide/uther/index.md\u001b[39m","time":"2017-12-21T16:57:38.952Z","v":0}
{"name":"hexo","hostname":"P440","pid":5404,"level":20,"msg":"Processed: \u001b[35msluzby/vycvik/index.md\u001b[39m","time":"2017-12-21T16:57:38.953Z","v":0}
{"name":"hexo","hostname":"P440","pid":5404,"level":20,"msg":"Processed: \u001b[35msluzby/venceni/index.md\u001b[39m","time":"2017-12-21T16:57:38.953Z","v":0}
{"name":"hexo","hostname":"P440","pid":5404,"level":20,"msg":"Generator: \u001b[35mpage\u001b[39m","time":"2017-12-21T16:57:39.078Z","v":0}
{"name":"hexo","hostname":"P440","pid":5404,"level":20,"msg":"Generator: \u001b[35mpost\u001b[39m","time":"2017-12-21T16:57:39.079Z","v":0}
{"name":"hexo","hostname":"P440","pid":5404,"level":20,"msg":"Generator: \u001b[35marchive\u001b[39m","time":"2017-12-21T16:57:39.080Z","v":0}
{"name":"hexo","hostname":"P440","pid":5404,"level":20,"msg":"Generator: \u001b[35mcategory\u001b[39m","time":"2017-12-21T16:57:39.080Z","v":0}
{"name":"hexo","hostname":"P440","pid":5404,"level":20,"msg":"Generator: \u001b[35mtag\u001b[39m","time":"2017-12-21T16:57:39.081Z","v":0}
{"name":"hexo","hostname":"P440","pid":5404,"level":20,"msg":"Generator: \u001b[35masset\u001b[39m","time":"2017-12-21T16:57:39.081Z","v":0}
{"name":"hexo","hostname":"P440","pid":5404,"level":30,"msg":"Files loaded in \u001b[36m226 ms\u001b[39m","time":"2017-12-21T16:57:39.106Z","v":0}
{"name":"hexo","hostname":"P440","pid":5404,"level":20,"msg":"Rendering index: \u001b[35mindex.html\u001b[39m","time":"2017-12-21T16:57:39.110Z","v":0}
{"name":"hexo","hostname":"P440","pid":5404,"level":20,"msg":"Rendering index: \u001b[35mcenik/index.html\u001b[39m","time":"2017-12-21T16:57:39.119Z","v":0}
{"name":"hexo","hostname":"P440","pid":5404,"level":20,"msg":"Rendering index: \u001b[35mkontakt/index.html\u001b[39m","time":"2017-12-21T16:57:39.121Z","v":0}
{"name":"hexo","hostname":"P440","pid":5404,"level":20,"msg":"Rendering index: \u001b[35mo-nas/index.html\u001b[39m","time":"2017-12-21T16:57:39.122Z","v":0}
{"name":"hexo","hostname":"P440","pid":5404,"level":20,"msg":"Rendering index: \u001b[35mlide/index.html\u001b[39m","time":"2017-12-21T16:57:39.124Z","v":0}
{"name":"hexo","hostname":"P440","pid":5404,"level":20,"msg":"Rendering index: \u001b[35msluzby/index.html\u001b[39m","time":"2017-12-21T16:57:39.126Z","v":0}
{"name":"hexo","hostname":"P440","pid":5404,"level":20,"msg":"Rendering index: \u001b[35mlide/alzbeta/index.html\u001b[39m","time":"2017-12-21T16:57:39.127Z","v":0}
{"name":"hexo","hostname":"P440","pid":5404,"level":20,"msg":"Rendering index: \u001b[35mlide/ondrej/index.html\u001b[39m","time":"2017-12-21T16:57:39.128Z","v":0}
{"name":"hexo","hostname":"P440","pid":5404,"level":20,"msg":"Rendering index: \u001b[35mlide/rudolf/index.html\u001b[39m","time":"2017-12-21T16:57:39.130Z","v":0}
{"name":"hexo","hostname":"P440","pid":5404,"level":20,"msg":"Rendering index: \u001b[35msluzby/vycvik/index.html\u001b[39m","time":"2017-12-21T16:57:39.131Z","v":0}
{"name":"hexo","hostname":"P440","pid":5404,"level":20,"msg":"Rendering index: \u001b[35mlide/uther/index.html\u001b[39m","time":"2017-12-21T16:57:39.132Z","v":0}
{"name":"hexo","hostname":"P440","pid":5404,"level":20,"msg":"Rendering index: \u001b[35msluzby/venceni/index.html\u001b[39m","time":"2017-12-21T16:57:39.134Z","v":0}
{"name":"hexo","hostname":"P440","pid":5404,"level":20,"msg":"Rendering index: \u001b[35m2017/12/11/hello-world/index.html\u001b[39m","time":"2017-12-21T16:57:39.141Z","v":0}
{"name":"hexo","hostname":"P440","pid":5404,"level":20,"msg":"Rendering index: \u001b[35marchives/index.html\u001b[39m","time":"2017-12-21T16:57:39.143Z","v":0}
{"name":"hexo","hostname":"P440","pid":5404,"level":20,"msg":"Rendering index: \u001b[35marchives/2017/index.html\u001b[39m","time":"2017-12-21T16:57:39.145Z","v":0}
{"name":"hexo","hostname":"P440","pid":5404,"level":20,"msg":"Rendering index: \u001b[35marchives/2017/12/index.html\u001b[39m","time":"2017-12-21T16:57:39.147Z","v":0}
{"name":"hexo","hostname":"P440","pid":5404,"level":40,"msg":"Partial \u001b[35m_partial/footer\u001b[39m does not exist. \u001b[90m(in layout.ejs)\u001b[39m","time":"2017-12-21T16:57:39.154Z","v":0}
{"name":"hexo","hostname":"P440","pid":5404,"level":40,"msg":"Partial \u001b[35m_partial/footer\u001b[39m does not exist. \u001b[90m(in layout.ejs)\u001b[39m","time":"2017-12-21T16:57:39.159Z","v":0}
{"name":"hexo","hostname":"P440","pid":5404,"level":40,"msg":"Partial \u001b[35m_partial/footer\u001b[39m does not exist. \u001b[90m(in layout.ejs)\u001b[39m","time":"2017-12-21T16:57:39.163Z","v":0}
{"name":"hexo","hostname":"P440","pid":5404,"level":30,"msg":"Generated: \u001b[35marchives/index.html\u001b[39m","time":"2017-12-21T16:57:39.254Z","v":0}
{"name":"hexo","hostname":"P440","pid":5404,"level":30,"msg":"Generated: \u001b[35marchives/2017/index.html\u001b[39m","time":"2017-12-21T16:57:39.255Z","v":0}
{"name":"hexo","hostname":"P440","pid":5404,"level":30,"msg":"Generated: \u001b[35marchives/2017/12/index.html\u001b[39m","time":"2017-12-21T16:57:39.256Z","v":0}
{"name":"hexo","hostname":"P440","pid":5404,"level":30,"msg":"Generated: \u001b[35mlide/obrazky/trener4.jpg\u001b[39m","time":"2017-12-21T16:57:39.260Z","v":0}
{"name":"hexo","hostname":"P440","pid":5404,"level":30,"msg":"Generated: \u001b[35mlide/obrazky/trener.jpg\u001b[39m","time":"2017-12-21T16:57:39.261Z","v":0}
{"name":"hexo","hostname":"P440","pid":5404,"level":30,"msg":"Generated: \u001b[35mlide/obrazky/trener3.jpg\u001b[39m","time":"2017-12-21T16:57:39.262Z","v":0}
{"name":"hexo","hostname":"P440","pid":5404,"level":30,"msg":"Generated: \u001b[35mlide/obrazky/trener2.jpg\u001b[39m","time":"2017-12-21T16:57:39.263Z","v":0}
{"name":"hexo","hostname":"P440","pid":5404,"level":30,"msg":"Generated: \u001b[35msluzby/obrazky/venceni.jpg\u001b[39m","time":"2017-12-21T16:57:39.263Z","v":0}
{"name":"hexo","hostname":"P440","pid":5404,"level":30,"msg":"Generated: \u001b[35msluzby/obrazky/vicvik.jpg\u001b[39m","time":"2017-12-21T16:57:39.263Z","v":0}
